2025-07-15 20:48:43,991 - INFO - === Training Deep-IRT ===
2025-07-15 20:48:43,991 - INFO - Dataset: synthetic
2025-07-15 20:48:43,991 - INFO - Data style: yeung
2025-07-15 20:48:43,991 - INFO - Fold: 0
2025-07-15 20:48:43,991 - INFO - Epochs: 5
2025-07-15 20:48:43,991 - INFO - Batch size: 32
2025-07-15 20:48:43,991 - INFO - Learning rate: 0.001
2025-07-15 20:48:44,169 - INFO - Using device: cuda
2025-07-15 20:48:44,169 - INFO - Loading synthetic dataset...
2025-07-15 20:48:44,351 - INFO - Data: 1120/280/600 | Model: 155,902 params | Per-KC: False
2025-07-15 20:48:44,916 - INFO - Starting training...
2025-07-15 20:48:59,627 - INFO - Epoch 5: Train=0.6140, Valid=0.6098, AUC=0.7061
2025-07-15 20:48:59,640 - INFO - Final evaluation on test set...
2025-07-15 20:49:00,129 - INFO - Test: Loss=0.6141, AUC=0.7016, Acc=0.6563
2025-07-15 20:49:00,137 - INFO - Training completed!
2025-07-15 20:49:00,137 - INFO - Best validation AUC: 0.7061
2025-07-15 20:49:00,138 - INFO - Final test AUC: 0.7016
2025-07-15 23:21:31,827 - INFO - === Training Deep-IRT ===
2025-07-15 23:21:31,827 - INFO - Dataset: synthetic
2025-07-15 23:21:31,827 - INFO - Data style: yeung
2025-07-15 23:21:31,827 - INFO - Fold: 0
2025-07-15 23:21:31,827 - INFO - Epochs: 3
2025-07-15 23:21:31,827 - INFO - Batch size: 32
2025-07-15 23:21:31,827 - INFO - Learning rate: 0.001
2025-07-15 23:21:31,922 - INFO - Using device: cuda
2025-07-15 23:21:31,923 - INFO - Loading synthetic dataset...
2025-07-15 23:21:32,107 - INFO - Data: 1120/280/600 | Model: 155,902 params | Per-KC: False
2025-07-15 23:21:32,748 - INFO - Starting training...
2025-07-15 23:21:47,857 - INFO - Final evaluation on test set...
2025-07-15 23:21:48,786 - INFO - Test: Loss=0.6178, AUC=0.6964, Acc=0.6515
2025-07-15 23:21:48,803 - INFO - Training completed!
2025-07-15 23:21:48,803 - INFO - Best validation AUC: 0.0000
2025-07-15 23:21:48,803 - INFO - Final test AUC: 0.6964
