2025-07-11 14:48:56,040 - INFO - === Training Deep-IRT ===
2025-07-11 14:48:56,040 - INFO - Dataset: STATICS
2025-07-11 14:48:56,040 - INFO - Data style: yeung
2025-07-11 14:48:56,040 - INFO - Fold: 0
2025-07-11 14:48:56,040 - INFO - Epochs: 3
2025-07-11 14:48:56,040 - INFO - Batch size: 16
2025-07-11 14:48:56,040 - INFO - Learning rate: 0.001
2025-07-11 14:48:56,040 - INFO - Using device: cpu
2025-07-11 14:48:56,042 - INFO - Loading STATICS dataset...
2025-07-11 14:48:56,088 - INFO - Train samples: 179
2025-07-11 14:48:56,089 - INFO - Valid samples: 50
2025-07-11 14:48:56,089 - INFO - Test samples: 104
2025-07-11 14:48:56,089 - INFO - Creating Deep-IRT model...
2025-07-11 14:48:56,311 - INFO - Model parameters: 1,511,301 total, 1,511,301 trainable
2025-07-11 14:48:56,311 - INFO - Per-KC mode: True
2025-07-11 14:48:56,311 - INFO - Number of KCs: 98
2025-07-11 14:48:58,056 - INFO - Starting training...
2025-07-11 14:49:03,825 - INFO - Epoch 1/3, Batch 0/12, Loss: 0.5810
2025-07-11 14:49:59,921 - INFO - Epoch 2/3, Batch 0/12, Loss: 0.3589
2025-07-11 14:51:05,427 - INFO - Epoch 3/3, Batch 0/12, Loss: 0.3535
2025-07-11 14:52:04,061 - INFO - Final evaluation on test set...
2025-07-11 14:52:11,357 - INFO - Test Loss: 0.3512, AUC: 0.7785, Acc: 0.8614
2025-07-11 14:52:11,547 - INFO - Training completed!
2025-07-11 14:52:11,547 - INFO - Best validation AUC: 0.0000
2025-07-11 14:52:11,547 - INFO - Final test AUC: 0.7785
2025-07-11 15:04:24,324 - INFO - === Training Deep-IRT ===
2025-07-11 15:04:24,324 - INFO - Dataset: STATICS
2025-07-11 15:04:24,324 - INFO - Data style: yeung
2025-07-11 15:04:24,324 - INFO - Fold: 0
2025-07-11 15:04:24,324 - INFO - Epochs: 50
2025-07-11 15:04:24,325 - INFO - Batch size: 32
2025-07-11 15:04:24,325 - INFO - Learning rate: 0.0005
2025-07-11 15:04:24,325 - INFO - Using device: cpu
2025-07-11 15:04:24,328 - INFO - Loading STATICS dataset...
2025-07-11 15:04:24,385 - INFO - Train samples: 179
2025-07-11 15:04:24,385 - INFO - Valid samples: 50
2025-07-11 15:04:24,385 - INFO - Test samples: 104
2025-07-11 15:04:24,385 - INFO - Creating Deep-IRT model...
2025-07-11 15:04:24,490 - INFO - Model parameters: 1,511,301 total, 1,511,301 trainable
2025-07-11 15:04:24,490 - INFO - Per-KC mode: True
2025-07-11 15:04:24,490 - INFO - Number of KCs: 98
2025-07-11 15:04:26,572 - INFO - Starting training...
2025-07-11 15:04:34,193 - INFO - Epoch 1/50, Batch 0/6, Loss: 0.5692
2025-07-11 15:07:11,316 - INFO - Epoch 2/50, Batch 0/6, Loss: 0.4484
2025-07-11 15:16:53,450 - INFO - === Training Deep-IRT ===
2025-07-11 15:16:53,451 - INFO - Dataset: STATICS
2025-07-11 15:16:53,451 - INFO - Data style: yeung
2025-07-11 15:16:53,451 - INFO - Fold: 0
2025-07-11 15:16:53,451 - INFO - Epochs: 20
2025-07-11 15:16:53,451 - INFO - Batch size: 16
2025-07-11 15:16:53,451 - INFO - Learning rate: 0.001
2025-07-11 15:16:53,451 - INFO - Using device: cpu
2025-07-11 15:16:53,454 - INFO - Loading STATICS dataset...
2025-07-11 15:16:53,533 - INFO - Train samples: 179
2025-07-11 15:16:53,533 - INFO - Valid samples: 50
2025-07-11 15:16:53,533 - INFO - Test samples: 104
2025-07-11 15:16:53,533 - INFO - Creating Deep-IRT model...
2025-07-11 15:16:53,708 - INFO - Model parameters: 1,511,301 total, 1,511,301 trainable
2025-07-11 15:16:53,709 - INFO - Per-KC mode: True
2025-07-11 15:16:53,709 - INFO - Number of KCs: 98
2025-07-11 15:16:56,002 - INFO - Starting training...
2025-07-11 15:17:38,464 - INFO - Epoch 1/20, Batch 0/12, Loss: 0.5810
2025-07-11 15:49:59,365 - INFO - === Training Deep-IRT ===
2025-07-11 15:49:59,366 - INFO - Dataset: STATICS
2025-07-11 15:49:59,366 - INFO - Data style: yeung
2025-07-11 15:49:59,366 - INFO - Fold: 0
2025-07-11 15:49:59,366 - INFO - Epochs: 20
2025-07-11 15:49:59,366 - INFO - Batch size: 16
2025-07-11 15:49:59,366 - INFO - Learning rate: 0.001
2025-07-11 15:49:59,366 - INFO - Using device: cpu
2025-07-11 15:49:59,369 - INFO - Loading STATICS dataset...
2025-07-11 15:49:59,953 - INFO - Data: 179/50/104 | Model: 1,511,301 params | Per-KC: True (98 KCs)
2025-07-11 15:50:02,135 - INFO - Starting training...
2025-07-11 15:54:02,124 - INFO - Epoch 5: Train=0.3028, Valid=0.3098, AUC=0.8296
2025-07-11 15:58:29,020 - INFO - Epoch 10: Train=0.2785, Valid=0.2980, AUC=0.8486
2025-07-11 16:02:34,874 - INFO - Epoch 15: Train=0.2437, Valid=0.3029, AUC=0.8475
2025-07-11 16:06:37,510 - INFO - Epoch 20: Train=0.2495, Valid=0.3102, AUC=0.8471
2025-07-11 16:06:37,750 - INFO - Final evaluation on test set...
2025-07-11 16:06:44,085 - INFO - Test: Loss=0.3502, AUC=0.8147, Acc=0.8667
2025-07-11 16:06:44,281 - INFO - Training completed!
2025-07-11 16:06:44,282 - INFO - Best validation AUC: 0.8486
2025-07-11 16:06:44,282 - INFO - Final test AUC: 0.8147
2025-07-11 16:21:15,939 - INFO - === Training Deep-IRT ===
2025-07-11 16:21:15,940 - INFO - Dataset: STATICS
2025-07-11 16:21:15,940 - INFO - Data style: yeung
2025-07-11 16:21:15,940 - INFO - Fold: 0
2025-07-11 16:21:15,940 - INFO - Epochs: 10
2025-07-11 16:21:15,941 - INFO - Batch size: 8
2025-07-11 16:21:15,941 - INFO - Learning rate: 0.001
2025-07-11 16:21:15,941 - INFO - Using device: cpu
2025-07-11 16:21:15,946 - INFO - Loading STATICS dataset...
2025-07-11 16:21:16,385 - INFO - Data: 179/50/104 | Model: 1,511,301 params | Per-KC: True (98 KCs)
2025-07-11 16:21:21,900 - INFO - Starting training...
2025-07-11 16:32:01,672 - INFO - Epoch 5: Train=0.2843, Valid=0.3218, AUC=0.8436
2025-07-11 16:39:05,075 - INFO - Epoch 10: Train=0.2584, Valid=0.3265, AUC=0.8422
2025-07-11 16:39:05,528 - INFO - Final evaluation on test set...
2025-07-11 16:39:15,763 - INFO - Test: Loss=0.3391, AUC=0.8158, Acc=0.8600
2025-07-11 16:39:16,278 - INFO - Training completed!
2025-07-11 16:39:16,278 - INFO - Best validation AUC: 0.8436
2025-07-11 16:39:16,278 - INFO - Final test AUC: 0.8158
