2025-07-20 15:32:42,493 - INFO - === Training Deep-IRT (Single Fold) ===
2025-07-20 15:32:42,493 - INFO - Dataset: assist2017
2025-07-20 15:32:42,493 - INFO - Fold: 0
2025-07-20 15:32:42,493 - INFO - Epochs: 1
2025-07-20 15:32:42,493 - INFO - Batch size: 16
2025-07-20 15:32:42,493 - INFO - Learning rate: 0.001
2025-07-20 15:32:42,654 - INFO - Using device: cuda
2025-07-20 15:32:42,656 - INFO - Loading assist2017 dataset...
2025-07-20 15:32:43,232 - INFO - Data: 1094/274/341 | Model: 156,803 params | Per-KC: False
2025-07-20 15:32:44,589 - INFO - Starting training...
2025-07-20 15:32:55,130 - INFO - Final evaluation on test set...
2025-07-20 15:32:55,951 - INFO - Test: Loss=0.6461, AUC=0.6035, Acc=0.6312
2025-07-20 15:32:55,969 - INFO - Training completed!
2025-07-20 15:32:55,969 - INFO - Best validation AUC: 0.0000
2025-07-20 15:32:55,969 - INFO - Final test AUC: 0.6035
2025-07-20 15:44:42,659 - INFO - === Training Deep-IRT (Single Fold) ===
2025-07-20 15:44:42,660 - INFO - Dataset: assist2017
2025-07-20 15:44:42,660 - INFO - Fold: 0
2025-07-20 15:44:42,660 - INFO - Epochs: 1
2025-07-20 15:44:42,660 - INFO - Batch size: 8
2025-07-20 15:44:42,660 - INFO - Learning rate: 0.001
2025-07-20 15:44:42,782 - INFO - Using device: cuda
2025-07-20 15:44:42,782 - INFO - Loading assist2017 dataset...
2025-07-20 15:44:43,354 - INFO - Data: 1094/274/341 | Model: 156,803 params | Per-KC: False
2025-07-20 15:44:44,279 - INFO - Starting training...
2025-07-20 15:45:08,025 - INFO - Final evaluation on test set...
2025-07-20 15:45:10,209 - INFO - Test: Loss=0.6443, AUC=0.6065, Acc=0.6353
2025-07-20 15:45:10,229 - INFO - Training completed!
2025-07-20 15:45:10,229 - INFO - Best validation AUC: 0.0000
2025-07-20 15:45:10,229 - INFO - Final test AUC: 0.6065
2025-07-20 15:52:52,675 - INFO - === Training Deep-IRT (Single Fold) ===
2025-07-20 15:52:52,675 - INFO - Dataset: assist2017
2025-07-20 15:52:52,675 - INFO - Fold: 0
2025-07-20 15:52:52,675 - INFO - Epochs: 1
2025-07-20 15:52:52,675 - INFO - Batch size: 16
2025-07-20 15:52:52,675 - INFO - Learning rate: 0.001
2025-07-20 15:52:52,825 - INFO - Using device: cuda
2025-07-20 15:52:52,826 - INFO - Loading assist2017 dataset...
2025-07-20 15:52:53,508 - INFO - Data: 1094/274/341 | Model: 156,803 params | Per-KC: False
2025-07-20 15:52:54,573 - INFO - Starting training...
2025-07-20 15:53:07,461 - INFO - Final evaluation on test set...
2025-07-20 15:53:08,603 - INFO - Test: Loss=0.6461, AUC=0.6035, Acc=0.6312
2025-07-20 15:53:08,625 - INFO - Training completed!
2025-07-20 15:53:08,625 - INFO - Best validation AUC: 0.0000
2025-07-20 15:53:08,626 - INFO - Final test AUC: 0.6035
2025-07-20 18:23:30,277 - INFO - === Training Deep-IRT (Single Fold) ===
2025-07-20 18:23:30,285 - INFO - Dataset: assist2017
2025-07-20 18:23:30,285 - INFO - Fold: 0
2025-07-20 18:23:30,285 - INFO - Epochs: 1
2025-07-20 18:23:30,285 - INFO - Batch size: 4
2025-07-20 18:23:30,285 - INFO - Learning rate: 0.001
2025-07-20 18:23:30,418 - INFO - Using device: cuda
2025-07-20 18:23:30,419 - INFO - Loading assist2017 dataset...
2025-07-20 18:23:30,809 - INFO - Data: 1094/274/341 | Model: 156,803 params | Per-KC: False
2025-07-20 18:23:31,357 - INFO - Starting training...
2025-07-20 18:23:54,854 - INFO - Final evaluation on test set...
2025-07-20 18:23:56,848 - INFO - Test: Loss=0.6439, AUC=0.6089, Acc=0.6362
2025-07-20 18:23:56,857 - INFO - Training completed!
2025-07-20 18:23:56,857 - INFO - Best validation AUC: 0.0000
2025-07-20 18:23:56,857 - INFO - Final test AUC: 0.6089
2025-07-20 20:30:05,224 - INFO - === Training Deep-IRT (Single Fold) ===
2025-07-20 20:30:05,225 - INFO - Dataset: assist2017
2025-07-20 20:30:05,225 - INFO - Fold: 0
2025-07-20 20:30:05,225 - INFO - Epochs: 5
2025-07-20 20:30:05,225 - INFO - Batch size: 32
2025-07-20 20:30:05,225 - INFO - Learning rate: 0.001
2025-07-20 20:30:05,370 - INFO - Using device: cuda
2025-07-20 20:30:05,372 - INFO - Loading assist2017 dataset...
2025-07-20 20:30:05,950 - INFO - Data: 1094/274/341 | Model: 156,803 params | Per-KC: False
2025-07-20 20:30:07,533 - INFO - Starting training...
2025-07-20 20:30:43,534 - INFO - Epoch 5: Train=0.6363, Valid=0.6300, AUC=0.6365
2025-07-20 20:30:43,569 - INFO - Final evaluation on test set...
2025-07-20 20:30:44,185 - INFO - Test: Loss=0.6390, AUC=0.6214, Acc=0.6410
2025-07-20 20:30:44,198 - INFO - Training completed!
2025-07-20 20:30:44,198 - INFO - Best validation AUC: 0.6365
2025-07-20 20:30:44,198 - INFO - Final test AUC: 0.6214
2025-07-20 20:44:13,508 - INFO - === Training Deep-IRT (Single Fold) ===
2025-07-20 20:44:13,508 - INFO - Dataset: assist2017
2025-07-20 20:44:13,508 - INFO - Fold: 0
2025-07-20 20:44:13,509 - INFO - Epochs: 1
2025-07-20 20:44:13,509 - INFO - Batch size: 32
2025-07-20 20:44:13,509 - INFO - Learning rate: 0.001
2025-07-20 20:44:13,700 - INFO - Using device: cuda
2025-07-20 20:44:13,701 - INFO - Loading assist2017 dataset...
2025-07-20 20:44:14,473 - INFO - Data: 1094/274/341 | Model: 156,803 params | Per-KC: False
2025-07-20 20:44:15,672 - INFO - Starting training...
2025-07-20 20:44:23,990 - INFO - Final evaluation on test set...
2025-07-20 20:44:24,582 - INFO - Test: Loss=0.6475, AUC=0.5980, Acc=0.6300
2025-07-20 20:44:24,607 - INFO - Training completed!
2025-07-20 20:44:24,607 - INFO - Best validation AUC: 0.0000
2025-07-20 20:44:24,607 - INFO - Final test AUC: 0.5980
2025-07-20 20:44:55,549 - INFO - === Training Deep-IRT (Single Fold) ===
2025-07-20 20:44:55,549 - INFO - Dataset: assist2017
2025-07-20 20:44:55,549 - INFO - Fold: 0
2025-07-20 20:44:55,550 - INFO - Epochs: 10
2025-07-20 20:44:55,550 - INFO - Batch size: 32
2025-07-20 20:44:55,550 - INFO - Learning rate: 0.001
2025-07-20 20:44:55,678 - INFO - Using device: cuda
2025-07-20 20:44:55,679 - INFO - Loading assist2017 dataset...
2025-07-20 20:44:56,169 - INFO - Data: 1094/274/341 | Model: 156,803 params | Per-KC: False
2025-07-20 20:44:57,218 - INFO - Starting training...
2025-07-20 20:45:32,934 - INFO - Epoch 5: Train=0.6302, Valid=0.6257, AUC=0.6421
2025-07-20 20:46:07,552 - INFO - Epoch 10: Train=0.6301, Valid=0.6247, AUC=0.6444
2025-07-20 20:46:07,602 - INFO - Final evaluation on test set...
2025-07-20 20:46:08,257 - INFO - Test: Loss=0.6326, AUC=0.6342, Acc=0.6470
2025-07-20 20:46:08,281 - INFO - Training completed!
2025-07-20 20:46:08,281 - INFO - Best validation AUC: 0.6444
2025-07-20 20:46:08,281 - INFO - Final test AUC: 0.6342
2025-07-20 20:51:53,699 - INFO - === Training Deep-IRT (5-Fold Cross Validation) ===
2025-07-20 20:51:53,700 - INFO - Dataset: assist2017
2025-07-20 20:51:53,700 - INFO - Epochs: 30
2025-07-20 20:51:53,700 - INFO - Batch size: 32
2025-07-20 20:51:53,700 - INFO - Learning rate: 0.001
2025-07-20 20:51:53,700 - INFO - 
=== Starting Fold 0 ===
2025-07-20 20:51:53,811 - INFO - Using device: cuda
2025-07-20 20:51:53,812 - INFO - Loading assist2017 dataset...
2025-07-20 20:51:54,362 - INFO - Data: 1094/274/341 | Model: 156,803 params | Per-KC: False
2025-07-20 20:51:55,354 - INFO - Starting training...
2025-07-20 20:52:29,120 - INFO - Epoch 5: Train=0.6302, Valid=0.6257, AUC=0.6421
2025-07-20 20:52:55,953 - INFO - Epoch 10: Train=0.6301, Valid=0.6247, AUC=0.6444
2025-07-20 20:53:21,265 - INFO - Epoch 15: Train=0.6284, Valid=0.6242, AUC=0.6457
2025-07-20 20:53:48,792 - INFO - Epoch 20: Train=0.6286, Valid=0.6241, AUC=0.6462
2025-07-20 20:54:34,223 - INFO - === Training Deep-IRT (5-Fold Cross Validation) ===
2025-07-20 20:54:34,223 - INFO - Dataset: assist2017
2025-07-20 20:54:34,223 - INFO - Epochs: 30
2025-07-20 20:54:34,223 - INFO - Batch size: 32
2025-07-20 20:54:34,223 - INFO - Learning rate: 0.001
2025-07-20 20:54:34,223 - INFO - 
=== Starting Fold 0 ===
2025-07-20 20:54:34,334 - INFO - Using device: cuda
2025-07-20 20:54:34,335 - INFO - Loading assist2017 dataset...
2025-07-20 20:54:34,913 - INFO - Data: 1094/274/341 | Model: 156,803 params | Per-KC: False
2025-07-20 20:54:35,960 - INFO - Starting training...
2025-07-20 20:54:51,218 - INFO - === Training Deep-IRT (Single Fold) ===
2025-07-20 20:54:51,218 - INFO - Dataset: assist2017
2025-07-20 20:54:51,219 - INFO - Fold: 0
2025-07-20 20:54:51,219 - INFO - Epochs: 30
2025-07-20 20:54:51,219 - INFO - Batch size: 32
2025-07-20 20:54:51,220 - INFO - Learning rate: 0.001
2025-07-20 20:54:51,303 - INFO - Using device: cuda
2025-07-20 20:54:51,304 - INFO - Loading assist2017 dataset...
2025-07-20 20:54:52,042 - INFO - Data: 1094/274/341 | Model: 156,803 params | Per-KC: False
2025-07-20 20:54:53,400 - INFO - Starting training...
2025-07-20 20:55:11,640 - INFO - Epoch 5: Train=0.6302, Valid=0.6257, AUC=0.6421
2025-07-20 20:55:31,410 - INFO - Epoch 5: Train=0.6302, Valid=0.6257, AUC=0.6421
2025-07-20 20:55:50,243 - INFO - Epoch 10: Train=0.6301, Valid=0.6247, AUC=0.6444
2025-07-20 20:56:08,368 - INFO - Epoch 10: Train=0.6301, Valid=0.6247, AUC=0.6444
2025-07-20 20:56:26,825 - INFO - Epoch 15: Train=0.6284, Valid=0.6242, AUC=0.6457
2025-07-20 20:56:46,332 - INFO - Epoch 15: Train=0.6284, Valid=0.6242, AUC=0.6457
2025-07-20 20:57:04,162 - INFO - Epoch 20: Train=0.6286, Valid=0.6241, AUC=0.6462
2025-07-20 20:57:23,386 - INFO - Epoch 20: Train=0.6286, Valid=0.6241, AUC=0.6462
2025-07-20 20:57:41,201 - INFO - Epoch 25: Train=0.6279, Valid=0.6225, AUC=0.6479
2025-07-20 20:57:58,938 - INFO - Epoch 25: Train=0.6279, Valid=0.6225, AUC=0.6479
2025-07-20 20:58:20,502 - INFO - Epoch 30: Train=0.6258, Valid=0.6221, AUC=0.6490
2025-07-20 20:58:20,543 - INFO - Final evaluation on test set...
2025-07-20 20:58:21,204 - INFO - Test: Loss=0.6309, AUC=0.6384, Acc=0.6513
2025-07-20 20:58:21,234 - INFO - Training completed!
2025-07-20 20:58:21,234 - INFO - Best validation AUC: 0.6490
2025-07-20 20:58:21,234 - INFO - Final test AUC: 0.6384
2025-07-20 20:58:21,239 - INFO - 
=== Starting Fold 1 ===
2025-07-20 20:58:21,240 - INFO - Using device: cuda
2025-07-20 20:58:21,244 - INFO - Loading assist2017 dataset...
2025-07-20 20:58:21,696 - INFO - Data: 1094/274/341 | Model: 156,803 params | Per-KC: False
2025-07-20 20:58:21,697 - INFO - Starting training...
2025-07-20 20:58:36,317 - INFO - Epoch 30: Train=0.6258, Valid=0.6221, AUC=0.6490
2025-07-20 20:58:36,356 - INFO - Final evaluation on test set...
2025-07-20 20:58:37,076 - INFO - Test: Loss=0.6309, AUC=0.6384, Acc=0.6513
2025-07-20 20:58:37,097 - INFO - Training completed!
2025-07-20 20:58:37,098 - INFO - Best validation AUC: 0.6490
2025-07-20 20:58:37,098 - INFO - Final test AUC: 0.6384
2025-07-20 20:58:54,267 - INFO - Epoch 5: Train=0.6288, Valid=0.6302, AUC=0.6329
2025-07-20 20:59:25,876 - INFO - Epoch 10: Train=0.6276, Valid=0.6298, AUC=0.6342
2025-07-20 20:59:59,703 - INFO - Epoch 15: Train=0.6272, Valid=0.6300, AUC=0.6346
2025-07-20 21:00:42,077 - INFO - Epoch 20: Train=0.6268, Valid=0.6291, AUC=0.6343
