2025-07-21 18:35:15,595 - INFO - === Training Deep-IRT (5-Fold Cross Validation) ===
2025-07-21 18:35:15,595 - INFO - Dataset: assist2015
2025-07-21 18:35:15,596 - INFO - Epochs: 5
2025-07-21 18:35:15,596 - INFO - Batch size: 32
2025-07-21 18:35:15,596 - INFO - Learning rate: 0.001
2025-07-21 18:35:15,596 - INFO - 
=== Starting Fold 0 ===
2025-07-21 18:35:15,788 - INFO - Using device: cuda
2025-07-21 18:35:15,789 - INFO - Loading assist2015 dataset...
2025-07-21 18:35:16,890 - INFO - Data: 12697/3175/3968 | Model: 151,003 params | Per-KC: False
2025-07-21 18:35:17,644 - INFO - Starting training...
2025-07-21 19:14:14,691 - INFO - Epoch 5: Train=0.0286, Valid=0.0290, AUC=0.9951
2025-07-21 19:14:14,710 - INFO - Fast IRT extraction: α=0.158±0.021, β=-0.000±0.995, θ=0.000±1.557
2025-07-21 19:14:15,015 - INFO - Full IRT statistics: θ=-3.232±1.339 (sample: (32, 650))
2025-07-21 19:14:15,016 - INFO - Saved fast IRT parameters to irt_stats/fast_irt_assist2015_fold0.pkl
2025-07-21 19:14:15,024 - INFO - Saved full IRT statistics to irt_stats/full_irt_assist2015_fold0.pkl
2025-07-21 19:14:15,026 - INFO - New best model: train_loss=0.0286, best_auc=0.9951
2025-07-21 19:14:15,026 - INFO - Final evaluation on test set...
2025-07-21 19:14:49,557 - INFO - Test: Loss=0.0280, AUC=0.9955, Acc=0.9865
2025-07-21 19:14:49,573 - INFO - Training completed!
2025-07-21 19:14:49,573 - INFO - Best validation AUC: 0.9951
2025-07-21 19:14:49,573 - INFO - Final test AUC: 0.9955
2025-07-21 19:14:49,592 - INFO - 
=== Starting Fold 1 ===
2025-07-21 19:14:49,593 - INFO - Using device: cuda
2025-07-21 19:14:49,594 - INFO - Loading assist2015 dataset...
2025-07-21 19:14:50,651 - INFO - Data: 12697/3175/3968 | Model: 151,003 params | Per-KC: False
2025-07-21 19:14:50,651 - INFO - Starting training...
2025-07-21 19:58:07,165 - INFO - Epoch 5: Train=0.0291, Valid=0.0274, AUC=0.9955
2025-07-21 19:58:07,297 - INFO - Fast IRT extraction: α=0.158±0.020, β=0.000±0.995, θ=-0.000±1.568
2025-07-21 19:58:07,677 - INFO - Full IRT statistics: θ=-3.289±1.172 (sample: (32, 650))
2025-07-21 19:58:07,681 - INFO - Saved fast IRT parameters to irt_stats/fast_irt_assist2015_fold1.pkl
2025-07-21 19:58:07,683 - INFO - Saved full IRT statistics to irt_stats/full_irt_assist2015_fold1.pkl
2025-07-21 19:58:07,687 - INFO - New best model: train_loss=0.0291, best_auc=0.9955
2025-07-21 19:58:07,688 - INFO - Final evaluation on test set...
2025-07-21 19:58:52,484 - INFO - Test: Loss=0.0280, AUC=0.9955, Acc=0.9864
2025-07-21 19:58:52,506 - INFO - Training completed!
2025-07-21 19:58:52,506 - INFO - Best validation AUC: 0.9955
2025-07-21 19:58:52,506 - INFO - Final test AUC: 0.9955
2025-07-21 19:58:52,586 - INFO - 
=== Starting Fold 2 ===
2025-07-21 19:58:52,589 - INFO - Using device: cuda
2025-07-21 19:58:52,596 - INFO - Loading assist2015 dataset...
2025-07-21 19:58:54,193 - INFO - Data: 12698/3174/3968 | Model: 151,003 params | Per-KC: False
2025-07-21 19:58:54,194 - INFO - Starting training...
